{
  "stats": {
    "suites": 0,
    "tests": 10,
    "passes": 10,
    "pending": 0,
    "failures": 0,
    "start": "2025-01-30T17:07:17.762Z",
    "end": "2025-01-30T17:07:33.879Z",
    "duration": 16117,
    "testsRegistered": 10,
    "passPercent": 100,
    "pendingPercent": 0,
    "other": 0,
    "hasOther": false,
    "skipped": 0,
    "hasSkipped": false
  },
  "results": [
    {
      "uuid": "ce9a9c06-f08c-4c44-8719-f755833d02d9",
      "title": "",
      "fullFile": "cypress\\e2e\\tests\\verifyLogin.cy.js",
      "file": "cypress\\e2e\\tests\\verifyLogin.cy.js",
      "beforeHooks": [],
      "afterHooks": [],
      "tests": [
        {
          "title": "Standard User should be able to Login",
          "fullTitle": "Standard User should be able to Login",
          "timedOut": null,
          "duration": 1021,
          "state": "passed",
          "speed": "fast",
          "pass": true,
          "fail": false,
          "pending": false,
          "context": null,
          "code": "cy.visit('https://www.saucedemo.com/');\n_loginPage.default.insertUser(\"standard_user\");\n_loginPage.default.insertPassword();\n_loginPage.default.clickOnLoginButton();\n_inventoryPage.default.verifyUserLoginSuccess();",
          "err": {},
          "uuid": "661bae4e-a013-486f-b17e-e54237b79d8d",
          "parentUUID": "ce9a9c06-f08c-4c44-8719-f755833d02d9",
          "isHook": false,
          "skipped": false
        },
        {
          "title": "Locked Out User try to log in and should get an Error message",
          "fullTitle": "Locked Out User try to log in and should get an Error message",
          "timedOut": null,
          "duration": 954,
          "state": "passed",
          "speed": "fast",
          "pass": true,
          "fail": false,
          "pending": false,
          "context": null,
          "code": "cy.visit('https://www.saucedemo.com/');\n_loginPage.default.insertUser(\"locked_out_user\");\n_loginPage.default.insertPassword();\n_loginPage.default.clickOnLoginButton();\n_loginPage.default.readErrorMsg(\"Epic sadface: Sorry, this user has been locked out.\");",
          "err": {},
          "uuid": "c2f1131f-9d2e-434b-9380-37a91cc9c3f2",
          "parentUUID": "ce9a9c06-f08c-4c44-8719-f755833d02d9",
          "isHook": false,
          "skipped": false
        },
        {
          "title": "Problem User should be able to Login",
          "fullTitle": "Problem User should be able to Login",
          "timedOut": null,
          "duration": 807,
          "state": "passed",
          "speed": "fast",
          "pass": true,
          "fail": false,
          "pending": false,
          "context": null,
          "code": "cy.visit('https://www.saucedemo.com/');\n_loginPage.default.insertUser(\"problem_user\");\n_loginPage.default.insertPassword();\n_loginPage.default.clickOnLoginButton();\n_inventoryPage.default.verifyUserLoginSuccess();",
          "err": {},
          "uuid": "7bdabc67-1239-4715-bab2-34b988612b4d",
          "parentUUID": "ce9a9c06-f08c-4c44-8719-f755833d02d9",
          "isHook": false,
          "skipped": false
        },
        {
          "title": "Performance Glitch User should be able to Login",
          "fullTitle": "Performance Glitch User should be able to Login",
          "timedOut": null,
          "duration": 5930,
          "state": "passed",
          "speed": "medium",
          "pass": true,
          "fail": false,
          "pending": false,
          "context": null,
          "code": "cy.visit('https://www.saucedemo.com/');\n_loginPage.default.insertUser(\"performance_glitch_user\");\n_loginPage.default.insertPassword();\n_loginPage.default.clickOnLoginButton();\n_inventoryPage.default.verifyUserLoginSuccess();",
          "err": {},
          "uuid": "b0801ceb-2dce-491c-8663-76447b7fc132",
          "parentUUID": "ce9a9c06-f08c-4c44-8719-f755833d02d9",
          "isHook": false,
          "skipped": false
        },
        {
          "title": "Error User should be able to Login",
          "fullTitle": "Error User should be able to Login",
          "timedOut": null,
          "duration": 742,
          "state": "passed",
          "speed": "fast",
          "pass": true,
          "fail": false,
          "pending": false,
          "context": null,
          "code": "cy.visit('https://www.saucedemo.com/');\n_loginPage.default.insertUser(\"error_user\");\n_loginPage.default.insertPassword();\n_loginPage.default.clickOnLoginButton();\n_inventoryPage.default.verifyUserLoginSuccess();",
          "err": {},
          "uuid": "ff567c07-55b6-46a7-9041-6395da61e80f",
          "parentUUID": "ce9a9c06-f08c-4c44-8719-f755833d02d9",
          "isHook": false,
          "skipped": false
        },
        {
          "title": "Visual User should be able to Login",
          "fullTitle": "Visual User should be able to Login",
          "timedOut": null,
          "duration": 761,
          "state": "passed",
          "speed": "fast",
          "pass": true,
          "fail": false,
          "pending": false,
          "context": null,
          "code": "cy.visit('https://www.saucedemo.com/');\n_loginPage.default.insertUser(\"visual_user\");\n_loginPage.default.insertPassword();\n_loginPage.default.clickOnLoginButton();\n_inventoryPage.default.verifyUserLoginSuccess();",
          "err": {},
          "uuid": "e0978e90-16fa-43d6-aa3c-504024fa5b67",
          "parentUUID": "ce9a9c06-f08c-4c44-8719-f755833d02d9",
          "isHook": false,
          "skipped": false
        },
        {
          "title": "User try to log in with no username credentials and should get an Error message",
          "fullTitle": "User try to log in with no username credentials and should get an Error message",
          "timedOut": null,
          "duration": 186,
          "state": "passed",
          "speed": "fast",
          "pass": true,
          "fail": false,
          "pending": false,
          "context": null,
          "code": "cy.visit('https://www.saucedemo.com/');\n_loginPage.default.clickOnLoginButton();\n_loginPage.default.readErrorMsg(\"Epic sadface: Username is required\");",
          "err": {},
          "uuid": "ccb34487-2e69-4912-86b7-2a5afbf87578",
          "parentUUID": "ce9a9c06-f08c-4c44-8719-f755833d02d9",
          "isHook": false,
          "skipped": false
        },
        {
          "title": "Standard User try to log in with no password credentials and should get an Error message",
          "fullTitle": "Standard User try to log in with no password credentials and should get an Error message",
          "timedOut": null,
          "duration": 470,
          "state": "passed",
          "speed": "fast",
          "pass": true,
          "fail": false,
          "pending": false,
          "context": null,
          "code": "cy.visit('https://www.saucedemo.com/');\n_loginPage.default.insertUser(\"standard_user\");\n_loginPage.default.clickOnLoginButton();\n_loginPage.default.readErrorMsg(\"Epic sadface: Password is required\");",
          "err": {},
          "uuid": "378a866a-1215-49fe-94b1-c4ba52d0dbf2",
          "parentUUID": "ce9a9c06-f08c-4c44-8719-f755833d02d9",
          "isHook": false,
          "skipped": false
        },
        {
          "title": "Standard User try to log in with incorrect password credentials and should get an Error message",
          "fullTitle": "Standard User try to log in with incorrect password credentials and should get an Error message",
          "timedOut": null,
          "duration": 782,
          "state": "passed",
          "speed": "fast",
          "pass": true,
          "fail": false,
          "pending": false,
          "context": null,
          "code": "cy.visit('https://www.saucedemo.com/');\n_loginPage.default.insertUser(\"standard_user\");\n_loginPage.default.insertIncorrectPassword();\n_loginPage.default.clickOnLoginButton();\n_loginPage.default.readErrorMsg(\"Epic sadface: Username and password do not match any user in this service\");",
          "err": {},
          "uuid": "f9ef006e-bb27-4125-b967-fad96e5eeff3",
          "parentUUID": "ce9a9c06-f08c-4c44-8719-f755833d02d9",
          "isHook": false,
          "skipped": false
        },
        {
          "title": "Standard User should be able to Logout",
          "fullTitle": "Standard User should be able to Logout",
          "timedOut": null,
          "duration": 3599,
          "state": "passed",
          "speed": "fast",
          "pass": true,
          "fail": false,
          "pending": false,
          "context": null,
          "code": "cy.visit('https://www.saucedemo.com/');\n_loginPage.default.insertUser(\"standard_user\");\n_loginPage.default.insertPassword();\n_loginPage.default.clickOnLoginButton();\n_inventoryPage.default.verifyUserLoginSuccess();\n_inventoryPage.default.userLogOut();",
          "err": {},
          "uuid": "dc834a31-dd44-480f-a9aa-a0e38f33b9e4",
          "parentUUID": "ce9a9c06-f08c-4c44-8719-f755833d02d9",
          "isHook": false,
          "skipped": false
        }
      ],
      "suites": [],
      "passes": [
        "661bae4e-a013-486f-b17e-e54237b79d8d",
        "c2f1131f-9d2e-434b-9380-37a91cc9c3f2",
        "7bdabc67-1239-4715-bab2-34b988612b4d",
        "b0801ceb-2dce-491c-8663-76447b7fc132",
        "ff567c07-55b6-46a7-9041-6395da61e80f",
        "e0978e90-16fa-43d6-aa3c-504024fa5b67",
        "ccb34487-2e69-4912-86b7-2a5afbf87578",
        "378a866a-1215-49fe-94b1-c4ba52d0dbf2",
        "f9ef006e-bb27-4125-b967-fad96e5eeff3",
        "dc834a31-dd44-480f-a9aa-a0e38f33b9e4"
      ],
      "failures": [],
      "pending": [],
      "skipped": [],
      "duration": 15252,
      "root": true,
      "rootEmpty": false,
      "_timeout": 2000
    }
  ],
  "meta": {
    "mocha": {
      "version": "7.0.1"
    },
    "mochawesome": {
      "options": {
        "quiet": false,
        "reportFilename": "mochawesome",
        "saveHtml": false,
        "saveJson": true,
        "consoleReporter": "spec",
        "useInlineDiffs": false,
        "code": true
      },
      "version": "7.1.3"
    },
    "marge": {
      "options": {
        "charts": true,
        "reportPageTitle": "Cypress Inline Reporter",
        "embeddedScreenshots": true,
        "inlineAssets": true,
        "overwrite": false,
        "html": false,
        "json": true,
        "reportDir": "cypress\\reports\\html\\.jsons"
      },
      "version": "6.2.0"
    }
  }
}