{
  "stats": {
    "suites": 0,
    "tests": 2,
    "passes": 2,
    "pending": 0,
    "failures": 0,
    "start": "2025-01-30T17:07:35.288Z",
    "end": "2025-01-30T17:07:40.118Z",
    "duration": 4830,
    "testsRegistered": 2,
    "passPercent": 100,
    "pendingPercent": 0,
    "other": 0,
    "hasOther": false,
    "skipped": 0,
    "hasSkipped": false
  },
  "results": [
    {
      "uuid": "abc080ac-9b2a-48aa-8f0c-ffd4960f93c4",
      "title": "",
      "fullFile": "cypress\\e2e\\tests\\verifyShoppingCart.cy.js",
      "file": "cypress\\e2e\\tests\\verifyShoppingCart.cy.js",
      "beforeHooks": [],
      "afterHooks": [],
      "tests": [
        {
          "title": "Remove an element from the Cart and Verify that is removed",
          "fullTitle": "Remove an element from the Cart and Verify that is removed",
          "timedOut": null,
          "duration": 1537,
          "state": "passed",
          "speed": "fast",
          "pass": true,
          "fail": false,
          "pending": false,
          "context": null,
          "code": "cy.visit('https://www.saucedemo.com/');\n_loginPage.default.fastLogin(\"standard_user\");\n_inventoryPage.default.verifyUserLoginSuccess();\n_inventoryPage.default.addItemToChart();\n_inventoryPage.default.clickOnShoppingCartButton();\n_shoppingCartPage.default.verifyElementIsOnCart();\n_shoppingCartPage.default.removeFirstElementOnCart();\n_shoppingCartPage.default.verifyFewElementsOnCart(0);",
          "err": {},
          "uuid": "38e81290-4eed-4533-ad20-43f07a73eaca",
          "parentUUID": "abc080ac-9b2a-48aa-8f0c-ffd4960f93c4",
          "isHook": false,
          "skipped": false
        },
        {
          "title": "Add an Item to the Shopping Cart and Checkout",
          "fullTitle": "Add an Item to the Shopping Cart and Checkout",
          "timedOut": null,
          "duration": 2467,
          "state": "passed",
          "speed": "fast",
          "pass": true,
          "fail": false,
          "pending": false,
          "context": null,
          "code": "cy.visit('https://www.saucedemo.com/');\n_loginPage.default.fastLogin(\"standard_user\");\n_inventoryPage.default.verifyUserLoginSuccess();\n_inventoryPage.default.addItemToChart();\n_inventoryPage.default.clickOnShoppingCartButton();\n_shoppingCartPage.default.verifyElementIsOnCart();\n_shoppingCartPage.default.clickOnCheckoutButton();\n_shoppingCartPage.default.fillUptheForm();\n_shoppingCartPage.default.clickOnContinueButton();\n_shoppingCartPage.default.verifyElementIsOnCart();\n_shoppingCartPage.default.clickOnFinishButton();\n_shoppingCartPage.default.verifyOrderIsDispatched();",
          "err": {},
          "uuid": "b247c4e0-a3b9-47db-b9e4-d9dd9032af9c",
          "parentUUID": "abc080ac-9b2a-48aa-8f0c-ffd4960f93c4",
          "isHook": false,
          "skipped": false
        }
      ],
      "suites": [],
      "passes": [
        "38e81290-4eed-4533-ad20-43f07a73eaca",
        "b247c4e0-a3b9-47db-b9e4-d9dd9032af9c"
      ],
      "failures": [],
      "pending": [],
      "skipped": [],
      "duration": 4004,
      "root": true,
      "rootEmpty": false,
      "_timeout": 2000
    }
  ],
  "meta": {
    "mocha": {
      "version": "7.0.1"
    },
    "mochawesome": {
      "options": {
        "quiet": false,
        "reportFilename": "mochawesome",
        "saveHtml": false,
        "saveJson": true,
        "consoleReporter": "spec",
        "useInlineDiffs": false,
        "code": true
      },
      "version": "7.1.3"
    },
    "marge": {
      "options": {
        "charts": true,
        "reportPageTitle": "Cypress Inline Reporter",
        "embeddedScreenshots": true,
        "inlineAssets": true,
        "overwrite": false,
        "html": false,
        "json": true,
        "reportDir": "cypress\\reports\\html\\.jsons"
      },
      "version": "6.2.0"
    }
  }
}