{
  "stats": {
    "suites": 0,
    "tests": 3,
    "passes": 3,
    "pending": 0,
    "failures": 0,
    "start": "2025-01-30T17:12:46.215Z",
    "end": "2025-01-30T17:12:52.324Z",
    "duration": 6109,
    "testsRegistered": 3,
    "passPercent": 100,
    "pendingPercent": 0,
    "other": 0,
    "hasOther": false,
    "skipped": 0,
    "hasSkipped": false
  },
  "results": [
    {
      "uuid": "45e7f462-fa43-45ea-a79f-f1a6be0d9009",
      "title": "",
      "fullFile": "cypress\\e2e\\tests\\verifyInventory.cy.js",
      "file": "cypress\\e2e\\tests\\verifyInventory.cy.js",
      "beforeHooks": [],
      "afterHooks": [],
      "tests": [
        {
          "title": "Add one element to the Cart and Verify that is added",
          "fullTitle": "Add one element to the Cart and Verify that is added",
          "timedOut": null,
          "duration": 2330,
          "state": "passed",
          "speed": "fast",
          "pass": true,
          "fail": false,
          "pending": false,
          "context": null,
          "code": "cy.visit('https://www.saucedemo.com/');\n_loginPage.default.fastLogin(\"standard_user\");\n_inventoryPage.default.verifyUserLoginSuccess();\n_inventoryPage.default.addItemToChart();\n_inventoryPage.default.clickOnShoppingCartButton();\n_shoppingCartPage.default.verifyElementIsOnCart();",
          "err": {},
          "uuid": "a3ec65eb-67bc-4dc9-ba70-1bc901d1261b",
          "parentUUID": "45e7f462-fa43-45ea-a79f-f1a6be0d9009",
          "isHook": false,
          "skipped": false
        },
        {
          "title": "Add two elements to the Cart and Verify that were added",
          "fullTitle": "Add two elements to the Cart and Verify that were added",
          "timedOut": null,
          "duration": 1475,
          "state": "passed",
          "speed": "fast",
          "pass": true,
          "fail": false,
          "pending": false,
          "context": null,
          "code": "cy.visit('https://www.saucedemo.com/');\n_loginPage.default.fastLogin(\"standard_user\");\n_inventoryPage.default.verifyUserLoginSuccess();\n_inventoryPage.default.addItemToChart();\n_inventoryPage.default.addItemToChart();\n_inventoryPage.default.clickOnShoppingCartButton();\n_shoppingCartPage.default.verifyFewElementsOnCart(2);",
          "err": {},
          "uuid": "58ec10fa-423e-49b3-b31a-ed8ad6b52d96",
          "parentUUID": "45e7f462-fa43-45ea-a79f-f1a6be0d9009",
          "isHook": false,
          "skipped": false
        },
        {
          "title": "Verify that item description page is displayed successfully",
          "fullTitle": "Verify that item description page is displayed successfully",
          "timedOut": null,
          "duration": 1000,
          "state": "passed",
          "speed": "fast",
          "pass": true,
          "fail": false,
          "pending": false,
          "context": null,
          "code": "cy.visit('https://www.saucedemo.com/');\n_loginPage.default.fastLogin(\"standard_user\");\n_inventoryPage.default.verifyUserLoginSuccess();\n_inventoryPage.default.viewItemDescription();\n_inventoryPage.default.confirmItemDescriptionIsDisplayed();",
          "err": {},
          "uuid": "cdde7092-106d-4f27-bbcb-e3e4fe5613a0",
          "parentUUID": "45e7f462-fa43-45ea-a79f-f1a6be0d9009",
          "isHook": false,
          "skipped": false
        }
      ],
      "suites": [],
      "passes": [
        "a3ec65eb-67bc-4dc9-ba70-1bc901d1261b",
        "58ec10fa-423e-49b3-b31a-ed8ad6b52d96",
        "cdde7092-106d-4f27-bbcb-e3e4fe5613a0"
      ],
      "failures": [],
      "pending": [],
      "skipped": [],
      "duration": 4805,
      "root": true,
      "rootEmpty": false,
      "_timeout": 2000
    }
  ],
  "meta": {
    "mocha": {
      "version": "7.0.1"
    },
    "mochawesome": {
      "options": {
        "quiet": false,
        "reportFilename": "mochawesome",
        "saveHtml": false,
        "saveJson": true,
        "consoleReporter": "spec",
        "useInlineDiffs": false,
        "code": true
      },
      "version": "7.1.3"
    },
    "marge": {
      "options": {
        "charts": true,
        "reportPageTitle": "Cypress Inline Reporter",
        "embeddedScreenshots": true,
        "inlineAssets": true,
        "overwrite": false,
        "html": false,
        "json": true,
        "reportDir": "cypress\\reports\\html\\.jsons"
      },
      "version": "6.2.0"
    }
  }
}