{
  "stats": {
    "suites": 0,
    "tests": 10,
    "passes": 10,
    "pending": 0,
    "failures": 0,
    "start": "2025-01-30T17:12:53.454Z",
    "end": "2025-01-30T17:13:09.580Z",
    "duration": 16126,
    "testsRegistered": 10,
    "passPercent": 100,
    "pendingPercent": 0,
    "other": 0,
    "hasOther": false,
    "skipped": 0,
    "hasSkipped": false
  },
  "results": [
    {
      "uuid": "6a421c09-c413-430b-901f-5eea04ba17cc",
      "title": "",
      "fullFile": "cypress\\e2e\\tests\\verifyLogin.cy.js",
      "file": "cypress\\e2e\\tests\\verifyLogin.cy.js",
      "beforeHooks": [],
      "afterHooks": [],
      "tests": [
        {
          "title": "Standard User should be able to Login",
          "fullTitle": "Standard User should be able to Login",
          "timedOut": null,
          "duration": 1029,
          "state": "passed",
          "speed": "fast",
          "pass": true,
          "fail": false,
          "pending": false,
          "context": null,
          "code": "cy.visit('https://www.saucedemo.com/');\n_loginPage.default.insertUser(\"standard_user\");\n_loginPage.default.insertPassword();\n_loginPage.default.clickOnLoginButton();\n_inventoryPage.default.verifyUserLoginSuccess();",
          "err": {},
          "uuid": "5a1dbcaa-852f-4d40-b110-84c91a8a0641",
          "parentUUID": "6a421c09-c413-430b-901f-5eea04ba17cc",
          "isHook": false,
          "skipped": false
        },
        {
          "title": "Locked Out User try to log in and should get an Error message",
          "fullTitle": "Locked Out User try to log in and should get an Error message",
          "timedOut": null,
          "duration": 902,
          "state": "passed",
          "speed": "fast",
          "pass": true,
          "fail": false,
          "pending": false,
          "context": null,
          "code": "cy.visit('https://www.saucedemo.com/');\n_loginPage.default.insertUser(\"locked_out_user\");\n_loginPage.default.insertPassword();\n_loginPage.default.clickOnLoginButton();\n_loginPage.default.readErrorMsg(\"Epic sadface: Sorry, this user has been locked out.\");",
          "err": {},
          "uuid": "761e7f9e-94d3-4000-a35b-b064403fa0bd",
          "parentUUID": "6a421c09-c413-430b-901f-5eea04ba17cc",
          "isHook": false,
          "skipped": false
        },
        {
          "title": "Problem User should be able to Login",
          "fullTitle": "Problem User should be able to Login",
          "timedOut": null,
          "duration": 800,
          "state": "passed",
          "speed": "fast",
          "pass": true,
          "fail": false,
          "pending": false,
          "context": null,
          "code": "cy.visit('https://www.saucedemo.com/');\n_loginPage.default.insertUser(\"problem_user\");\n_loginPage.default.insertPassword();\n_loginPage.default.clickOnLoginButton();\n_inventoryPage.default.verifyUserLoginSuccess();",
          "err": {},
          "uuid": "6d3dd699-8fdd-459e-9be5-ec78b3ec961a",
          "parentUUID": "6a421c09-c413-430b-901f-5eea04ba17cc",
          "isHook": false,
          "skipped": false
        },
        {
          "title": "Performance Glitch User should be able to Login",
          "fullTitle": "Performance Glitch User should be able to Login",
          "timedOut": null,
          "duration": 5889,
          "state": "passed",
          "speed": "medium",
          "pass": true,
          "fail": false,
          "pending": false,
          "context": null,
          "code": "cy.visit('https://www.saucedemo.com/');\n_loginPage.default.insertUser(\"performance_glitch_user\");\n_loginPage.default.insertPassword();\n_loginPage.default.clickOnLoginButton();\n_inventoryPage.default.verifyUserLoginSuccess();",
          "err": {},
          "uuid": "eb120b99-831c-4f18-8c23-c677935b1bd9",
          "parentUUID": "6a421c09-c413-430b-901f-5eea04ba17cc",
          "isHook": false,
          "skipped": false
        },
        {
          "title": "Error User should be able to Login",
          "fullTitle": "Error User should be able to Login",
          "timedOut": null,
          "duration": 757,
          "state": "passed",
          "speed": "fast",
          "pass": true,
          "fail": false,
          "pending": false,
          "context": null,
          "code": "cy.visit('https://www.saucedemo.com/');\n_loginPage.default.insertUser(\"error_user\");\n_loginPage.default.insertPassword();\n_loginPage.default.clickOnLoginButton();\n_inventoryPage.default.verifyUserLoginSuccess();",
          "err": {},
          "uuid": "6255addd-7219-45c8-a5db-cbfb63f80bb5",
          "parentUUID": "6a421c09-c413-430b-901f-5eea04ba17cc",
          "isHook": false,
          "skipped": false
        },
        {
          "title": "Visual User should be able to Login",
          "fullTitle": "Visual User should be able to Login",
          "timedOut": null,
          "duration": 773,
          "state": "passed",
          "speed": "fast",
          "pass": true,
          "fail": false,
          "pending": false,
          "context": null,
          "code": "cy.visit('https://www.saucedemo.com/');\n_loginPage.default.insertUser(\"visual_user\");\n_loginPage.default.insertPassword();\n_loginPage.default.clickOnLoginButton();\n_inventoryPage.default.verifyUserLoginSuccess();",
          "err": {},
          "uuid": "db314e78-47ea-4b4e-bc34-194697dc4e80",
          "parentUUID": "6a421c09-c413-430b-901f-5eea04ba17cc",
          "isHook": false,
          "skipped": false
        },
        {
          "title": "User try to log in with no username credentials and should get an Error message",
          "fullTitle": "User try to log in with no username credentials and should get an Error message",
          "timedOut": null,
          "duration": 185,
          "state": "passed",
          "speed": "fast",
          "pass": true,
          "fail": false,
          "pending": false,
          "context": null,
          "code": "cy.visit('https://www.saucedemo.com/');\n_loginPage.default.clickOnLoginButton();\n_loginPage.default.readErrorMsg(\"Epic sadface: Username is required\");",
          "err": {},
          "uuid": "ff51ef50-3fb5-47ac-ab15-96b0bc036de8",
          "parentUUID": "6a421c09-c413-430b-901f-5eea04ba17cc",
          "isHook": false,
          "skipped": false
        },
        {
          "title": "Standard User try to log in with no password credentials and should get an Error message",
          "fullTitle": "Standard User try to log in with no password credentials and should get an Error message",
          "timedOut": null,
          "duration": 514,
          "state": "passed",
          "speed": "fast",
          "pass": true,
          "fail": false,
          "pending": false,
          "context": null,
          "code": "cy.visit('https://www.saucedemo.com/');\n_loginPage.default.insertUser(\"standard_user\");\n_loginPage.default.clickOnLoginButton();\n_loginPage.default.readErrorMsg(\"Epic sadface: Password is required\");",
          "err": {},
          "uuid": "ad1775a1-be6b-4af4-9b54-147a7102735d",
          "parentUUID": "6a421c09-c413-430b-901f-5eea04ba17cc",
          "isHook": false,
          "skipped": false
        },
        {
          "title": "Standard User try to log in with incorrect password credentials and should get an Error message",
          "fullTitle": "Standard User try to log in with incorrect password credentials and should get an Error message",
          "timedOut": null,
          "duration": 791,
          "state": "passed",
          "speed": "fast",
          "pass": true,
          "fail": false,
          "pending": false,
          "context": null,
          "code": "cy.visit('https://www.saucedemo.com/');\n_loginPage.default.insertUser(\"standard_user\");\n_loginPage.default.insertIncorrectPassword();\n_loginPage.default.clickOnLoginButton();\n_loginPage.default.readErrorMsg(\"Epic sadface: Username and password do not match any user in this service\");",
          "err": {},
          "uuid": "a4c40991-895d-4329-bee3-6d19bd5f6a32",
          "parentUUID": "6a421c09-c413-430b-901f-5eea04ba17cc",
          "isHook": false,
          "skipped": false
        },
        {
          "title": "Standard User should be able to Logout",
          "fullTitle": "Standard User should be able to Logout",
          "timedOut": null,
          "duration": 3618,
          "state": "passed",
          "speed": "fast",
          "pass": true,
          "fail": false,
          "pending": false,
          "context": null,
          "code": "cy.visit('https://www.saucedemo.com/');\n_loginPage.default.insertUser(\"standard_user\");\n_loginPage.default.insertPassword();\n_loginPage.default.clickOnLoginButton();\n_inventoryPage.default.verifyUserLoginSuccess();\n_inventoryPage.default.userLogOut();",
          "err": {},
          "uuid": "5012ba7e-50c3-4382-816e-a83116c391eb",
          "parentUUID": "6a421c09-c413-430b-901f-5eea04ba17cc",
          "isHook": false,
          "skipped": false
        }
      ],
      "suites": [],
      "passes": [
        "5a1dbcaa-852f-4d40-b110-84c91a8a0641",
        "761e7f9e-94d3-4000-a35b-b064403fa0bd",
        "6d3dd699-8fdd-459e-9be5-ec78b3ec961a",
        "eb120b99-831c-4f18-8c23-c677935b1bd9",
        "6255addd-7219-45c8-a5db-cbfb63f80bb5",
        "db314e78-47ea-4b4e-bc34-194697dc4e80",
        "ff51ef50-3fb5-47ac-ab15-96b0bc036de8",
        "ad1775a1-be6b-4af4-9b54-147a7102735d",
        "a4c40991-895d-4329-bee3-6d19bd5f6a32",
        "5012ba7e-50c3-4382-816e-a83116c391eb"
      ],
      "failures": [],
      "pending": [],
      "skipped": [],
      "duration": 15258,
      "root": true,
      "rootEmpty": false,
      "_timeout": 2000
    }
  ],
  "meta": {
    "mocha": {
      "version": "7.0.1"
    },
    "mochawesome": {
      "options": {
        "quiet": false,
        "reportFilename": "mochawesome",
        "saveHtml": false,
        "saveJson": true,
        "consoleReporter": "spec",
        "useInlineDiffs": false,
        "code": true
      },
      "version": "7.1.3"
    },
    "marge": {
      "options": {
        "charts": true,
        "reportPageTitle": "Cypress Inline Reporter",
        "embeddedScreenshots": true,
        "inlineAssets": true,
        "overwrite": false,
        "html": false,
        "json": true,
        "reportDir": "cypress\\reports\\html\\.jsons"
      },
      "version": "6.2.0"
    }
  }
}