{
  "stats": {
    "suites": 0,
    "tests": 3,
    "passes": 3,
    "pending": 0,
    "failures": 0,
    "start": "2025-01-30T17:07:09.382Z",
    "end": "2025-01-30T17:07:16.316Z",
    "duration": 6934,
    "testsRegistered": 3,
    "passPercent": 100,
    "pendingPercent": 0,
    "other": 0,
    "hasOther": false,
    "skipped": 0,
    "hasSkipped": false
  },
  "results": [
    {
      "uuid": "690a4c90-d2c0-4fc0-9177-1823fd09d29a",
      "title": "",
      "fullFile": "cypress\\e2e\\tests\\verifyInventory.cy.js",
      "file": "cypress\\e2e\\tests\\verifyInventory.cy.js",
      "beforeHooks": [],
      "afterHooks": [],
      "tests": [
        {
          "title": "Add one element to the Cart and Verify that is added",
          "fullTitle": "Add one element to the Cart and Verify that is added",
          "timedOut": null,
          "duration": 2518,
          "state": "passed",
          "speed": "fast",
          "pass": true,
          "fail": false,
          "pending": false,
          "context": null,
          "code": "cy.visit('https://www.saucedemo.com/');\n_loginPage.default.fastLogin(\"standard_user\");\n_inventoryPage.default.verifyUserLoginSuccess();\n_inventoryPage.default.addItemToChart();\n_inventoryPage.default.clickOnShoppingCartButton();\n_shoppingCartPage.default.verifyElementIsOnCart();",
          "err": {},
          "uuid": "5589688b-6a28-468d-a0fd-d610bb91f86c",
          "parentUUID": "690a4c90-d2c0-4fc0-9177-1823fd09d29a",
          "isHook": false,
          "skipped": false
        },
        {
          "title": "Add two elements to the Cart and Verify that were added",
          "fullTitle": "Add two elements to the Cart and Verify that were added",
          "timedOut": null,
          "duration": 1672,
          "state": "passed",
          "speed": "fast",
          "pass": true,
          "fail": false,
          "pending": false,
          "context": null,
          "code": "cy.visit('https://www.saucedemo.com/');\n_loginPage.default.fastLogin(\"standard_user\");\n_inventoryPage.default.verifyUserLoginSuccess();\n_inventoryPage.default.addItemToChart();\n_inventoryPage.default.addItemToChart();\n_inventoryPage.default.clickOnShoppingCartButton();\n_shoppingCartPage.default.verifyFewElementsOnCart(2);",
          "err": {},
          "uuid": "638fb42f-c1bd-4b96-8ea3-ef816e62f7f8",
          "parentUUID": "690a4c90-d2c0-4fc0-9177-1823fd09d29a",
          "isHook": false,
          "skipped": false
        },
        {
          "title": "Verify that item description page is displayed successfully",
          "fullTitle": "Verify that item description page is displayed successfully",
          "timedOut": null,
          "duration": 870,
          "state": "passed",
          "speed": "fast",
          "pass": true,
          "fail": false,
          "pending": false,
          "context": null,
          "code": "cy.visit('https://www.saucedemo.com/');\n_loginPage.default.fastLogin(\"standard_user\");\n_inventoryPage.default.verifyUserLoginSuccess();\n_inventoryPage.default.viewItemDescription();\n_inventoryPage.default.confirmItemDescriptionIsDisplayed();",
          "err": {},
          "uuid": "6030caf4-41f5-4826-ba1c-61c76ac3bb60",
          "parentUUID": "690a4c90-d2c0-4fc0-9177-1823fd09d29a",
          "isHook": false,
          "skipped": false
        }
      ],
      "suites": [],
      "passes": [
        "5589688b-6a28-468d-a0fd-d610bb91f86c",
        "638fb42f-c1bd-4b96-8ea3-ef816e62f7f8",
        "6030caf4-41f5-4826-ba1c-61c76ac3bb60"
      ],
      "failures": [],
      "pending": [],
      "skipped": [],
      "duration": 5060,
      "root": true,
      "rootEmpty": false,
      "_timeout": 2000
    }
  ],
  "meta": {
    "mocha": {
      "version": "7.0.1"
    },
    "mochawesome": {
      "options": {
        "quiet": false,
        "reportFilename": "mochawesome",
        "saveHtml": false,
        "saveJson": true,
        "consoleReporter": "spec",
        "useInlineDiffs": false,
        "code": true
      },
      "version": "7.1.3"
    },
    "marge": {
      "options": {
        "charts": true,
        "reportPageTitle": "Cypress Inline Reporter",
        "embeddedScreenshots": true,
        "inlineAssets": true,
        "overwrite": false,
        "html": false,
        "json": true,
        "reportDir": "cypress\\reports\\html\\.jsons"
      },
      "version": "6.2.0"
    }
  }
}